[]2015-02-24T21:02:11,490Z INFO  org.quartz.impl.StdSchedulerFactory - Using default implementation for ThreadExecutor 
[]2015-02-24T21:02:11,570Z INFO  o.quartz.core.SchedulerSignalerImpl - Initialized Scheduler Signaller of type: class org.quartz.core.SchedulerSignalerImpl 
[]2015-02-24T21:02:11,571Z INFO  org.quartz.core.QuartzScheduler - Quartz Scheduler v.2.2.1 created. 
[]2015-02-24T21:02:11,572Z INFO  org.quartz.simpl.RAMJobStore - RAMJobStore initialized. 
[]2015-02-24T21:02:11,573Z INFO  org.quartz.core.QuartzScheduler - Scheduler meta-data: Quartz Scheduler (v2.2.1) 'cronScheduler' with instanceId 'NON_CLUSTERED'
  Scheduler class: 'org.quartz.core.QuartzScheduler' - running locally.
  NOT STARTED.
  Currently in standby mode.
  Number of jobs executed: 0
  Using thread pool 'org.quartz.simpl.SimpleThreadPool' - with 20 threads.
  Using job-store 'org.quartz.simpl.RAMJobStore' - which does not support persistence. and is not clustered.
 
[]2015-02-24T21:02:11,573Z INFO  org.quartz.impl.StdSchedulerFactory - Quartz scheduler 'cronScheduler' initialized from an externally provided properties instance. 
[]2015-02-24T21:02:11,573Z INFO  org.quartz.impl.StdSchedulerFactory - Quartz scheduler version: 2.2.1 
[]2015-02-24T21:02:11,575Z INFO  org.quartz.core.QuartzScheduler - JobFactory set to: org.springframework.scheduling.quartz.AdaptableJobFactory@9e07d03 
[]2015-02-24T21:02:13,907Z INFO  org.quartz.core.QuartzScheduler - Scheduler cronScheduler_$_NON_CLUSTERED started. 
[]2015-02-24T21:02:18,496Z INFO  c.m.s.plugin.SwaggerPluginAdapter - Context refreshed 
[]2015-02-24T21:02:18,499Z INFO  c.m.s.plugin.SwaggerPluginAdapter - Found custom SwaggerSpringMvcPlugins 
[]2015-02-24T21:02:18,499Z INFO  c.m.s.plugin.SwaggerPluginAdapter - initializing plugin bean customImplementation 
[]2015-02-24T21:02:18,545Z INFO  c.m.s.s.ApiListingReferenceScanner - Scanning for api listing references 
[]2015-02-24T21:02:18,549Z INFO  c.m.s.s.ApiListingReferenceScanner - Request mapping: getWSCommand belongs to groups: [[ResourceGroup{groupName='command'}]]  
[]2015-02-24T21:02:18,549Z INFO  c.m.s.s.ApiListingReferenceScanner - Adding resource to group:ResourceGroup{groupName='command'} with description:command for handler method:getWSCommand 
[]2015-02-24T21:02:18,550Z INFO  c.m.s.s.ApiListingReferenceScanner - Request mapping: getWSCommands belongs to groups: [[ResourceGroup{groupName='command'}]]  
[]2015-02-24T21:02:18,552Z INFO  c.m.s.s.ApiListingReferenceScanner - Adding resource to group:ResourceGroup{groupName='command'} with description:command for handler method:getWSCommands 
[]2015-02-24T21:02:18,552Z INFO  c.m.s.s.ApiListingReferenceScanner - Request mapping: submitCommand belongs to groups: [[ResourceGroup{groupName='command'}]]  
[]2015-02-24T21:02:18,552Z INFO  c.m.s.s.ApiListingReferenceScanner - Adding resource to group:ResourceGroup{groupName='command'} with description:command for handler method:submitCommand 
[]2015-02-24T21:02:18,553Z INFO  c.m.s.s.ApiListingReferenceScanner - Request mapping: submitCommand belongs to groups: [[ResourceGroup{groupName='command'}]]  
[]2015-02-24T21:02:18,553Z INFO  c.m.s.s.ApiListingReferenceScanner - Adding resource to group:ResourceGroup{groupName='command'} with description:command for handler method:submitCommand 
[]2015-02-24T21:02:18,554Z INFO  c.m.s.s.ApiListingReferenceScanner - Request mapping: uploadFile belongs to groups: [[ResourceGroup{groupName='command'}]]  
[]2015-02-24T21:02:18,554Z INFO  c.m.s.s.ApiListingReferenceScanner - Adding resource to group:ResourceGroup{groupName='command'} with description:command for handler method:uploadFile 
[]2015-02-24T21:02:18,554Z INFO  c.m.s.s.ApiListingReferenceScanner - Request mapping: getTask belongs to groups: [[ResourceGroup{groupName='task'}]]  
[]2015-02-24T21:02:18,555Z INFO  c.m.s.s.ApiListingReferenceScanner - Adding resource to group:ResourceGroup{groupName='task'} with description:task for handler method:getTask 
[]2015-02-24T21:02:18,555Z INFO  c.m.s.s.ApiListingReferenceScanner - Request mapping: fetchTasks belongs to groups: [[ResourceGroup{groupName='task'}]]  
[]2015-02-24T21:02:18,555Z INFO  c.m.s.s.ApiListingReferenceScanner - Adding resource to group:ResourceGroup{groupName='task'} with description:task for handler method:fetchTasks 
[]2015-02-24T21:02:18,556Z INFO  c.m.s.s.ApiListingReferenceScanner - Request mapping: submitTask belongs to groups: [[ResourceGroup{groupName='task'}]]  
[]2015-02-24T21:02:18,556Z INFO  c.m.s.s.ApiListingReferenceScanner - Adding resource to group:ResourceGroup{groupName='task'} with description:task for handler method:submitTask 
[]2015-02-24T21:02:18,556Z INFO  c.m.s.s.ApiListingReferenceScanner - Excluding method as it contains the excluded annotation: interface com.mangofactory.swagger.annotations.ApiIgnore 
[]2015-02-24T21:02:18,556Z INFO  c.m.s.s.ApiListingReferenceScanner - Excluding method as it contains the excluded annotation: interface com.mangofactory.swagger.annotations.ApiIgnore 
[]2015-02-24T21:02:18,588Z INFO  c.m.s.s.ApiListingReferenceScanner - Created resource listing Path: http://localhost:8080/api-docs/default/task Description: task Position: 0 
[]2015-02-24T21:02:18,588Z INFO  c.m.s.s.ApiListingReferenceScanner - Created resource listing Path: http://localhost:8080/api-docs/default/command Description: command Position: 0 
[]2015-02-24T21:02:20,314Z INFO  c.m.s.c.SwaggerApiResourceListing - Added a resource listing with (2) api resources:  
[]2015-02-24T21:02:20,314Z INFO  c.m.s.c.SwaggerApiResourceListing -   command at location: /api-docshttp://localhost:8080/api-docs/default/command 
[]2015-02-24T21:02:20,314Z INFO  c.m.s.c.SwaggerApiResourceListing -   task at location: /api-docshttp://localhost:8080/api-docs/default/task 
[]2015-02-24T21:04:29,473Z INFO  org.quartz.core.QuartzScheduler - Scheduler cronScheduler_$_NON_CLUSTERED paused. 
[]2015-02-24T21:04:29,483Z INFO  org.quartz.core.QuartzScheduler - Scheduler cronScheduler_$_NON_CLUSTERED shutting down. 
[]2015-02-24T21:04:29,483Z INFO  org.quartz.core.QuartzScheduler - Scheduler cronScheduler_$_NON_CLUSTERED paused. 
[]2015-02-24T21:04:29,484Z INFO  org.quartz.core.QuartzScheduler - Scheduler cronScheduler_$_NON_CLUSTERED shutdown complete. 
[]2015-02-24T21:12:58,940Z INFO  org.quartz.impl.StdSchedulerFactory - Using default implementation for ThreadExecutor 
[]2015-02-24T21:12:59,065Z INFO  o.quartz.core.SchedulerSignalerImpl - Initialized Scheduler Signaller of type: class org.quartz.core.SchedulerSignalerImpl 
[]2015-02-24T21:12:59,066Z INFO  org.quartz.core.QuartzScheduler - Quartz Scheduler v.2.2.1 created. 
[]2015-02-24T21:12:59,067Z INFO  org.quartz.simpl.RAMJobStore - RAMJobStore initialized. 
[]2015-02-24T21:12:59,068Z INFO  org.quartz.core.QuartzScheduler - Scheduler meta-data: Quartz Scheduler (v2.2.1) 'cronScheduler' with instanceId 'NON_CLUSTERED'
  Scheduler class: 'org.quartz.core.QuartzScheduler' - running locally.
  NOT STARTED.
  Currently in standby mode.
  Number of jobs executed: 0
  Using thread pool 'org.quartz.simpl.SimpleThreadPool' - with 20 threads.
  Using job-store 'org.quartz.simpl.RAMJobStore' - which does not support persistence. and is not clustered.
 
[]2015-02-24T21:12:59,069Z INFO  org.quartz.impl.StdSchedulerFactory - Quartz scheduler 'cronScheduler' initialized from an externally provided properties instance. 
[]2015-02-24T21:12:59,069Z INFO  org.quartz.impl.StdSchedulerFactory - Quartz scheduler version: 2.2.1 
[]2015-02-24T21:12:59,071Z INFO  org.quartz.core.QuartzScheduler - JobFactory set to: org.springframework.scheduling.quartz.AdaptableJobFactory@705c58f1 
[]2015-02-24T21:13:00,481Z INFO  org.quartz.core.QuartzScheduler - Scheduler cronScheduler_$_NON_CLUSTERED started. 
[]2015-02-24T21:13:02,221Z INFO  c.m.s.plugin.SwaggerPluginAdapter - Context refreshed 
[]2015-02-24T21:13:02,222Z INFO  c.m.s.plugin.SwaggerPluginAdapter - Found custom SwaggerSpringMvcPlugins 
[]2015-02-24T21:13:02,222Z INFO  c.m.s.plugin.SwaggerPluginAdapter - initializing plugin bean customImplementation 
[]2015-02-24T21:13:02,235Z INFO  c.m.s.s.ApiListingReferenceScanner - Scanning for api listing references 
[]2015-02-24T21:13:02,238Z INFO  c.m.s.s.ApiListingReferenceScanner - Request mapping: getWSCommand belongs to groups: [[ResourceGroup{groupName='command'}]]  
[]2015-02-24T21:13:02,239Z INFO  c.m.s.s.ApiListingReferenceScanner - Adding resource to group:ResourceGroup{groupName='command'} with description:command for handler method:getWSCommand 
[]2015-02-24T21:13:02,239Z INFO  c.m.s.s.ApiListingReferenceScanner - Request mapping: getWSCommands belongs to groups: [[ResourceGroup{groupName='command'}]]  
[]2015-02-24T21:13:02,241Z INFO  c.m.s.s.ApiListingReferenceScanner - Adding resource to group:ResourceGroup{groupName='command'} with description:command for handler method:getWSCommands 
[]2015-02-24T21:13:02,241Z INFO  c.m.s.s.ApiListingReferenceScanner - Request mapping: submitCommand belongs to groups: [[ResourceGroup{groupName='command'}]]  
[]2015-02-24T21:13:02,241Z INFO  c.m.s.s.ApiListingReferenceScanner - Adding resource to group:ResourceGroup{groupName='command'} with description:command for handler method:submitCommand 
[]2015-02-24T21:13:02,242Z INFO  c.m.s.s.ApiListingReferenceScanner - Request mapping: submitCommand belongs to groups: [[ResourceGroup{groupName='command'}]]  
[]2015-02-24T21:13:02,242Z INFO  c.m.s.s.ApiListingReferenceScanner - Adding resource to group:ResourceGroup{groupName='command'} with description:command for handler method:submitCommand 
[]2015-02-24T21:13:02,242Z INFO  c.m.s.s.ApiListingReferenceScanner - Request mapping: uploadFile belongs to groups: [[ResourceGroup{groupName='command'}]]  
[]2015-02-24T21:13:02,243Z INFO  c.m.s.s.ApiListingReferenceScanner - Adding resource to group:ResourceGroup{groupName='command'} with description:command for handler method:uploadFile 
[]2015-02-24T21:13:02,243Z INFO  c.m.s.s.ApiListingReferenceScanner - Request mapping: fetchTasks belongs to groups: [[ResourceGroup{groupName='task'}]]  
[]2015-02-24T21:13:02,243Z INFO  c.m.s.s.ApiListingReferenceScanner - Adding resource to group:ResourceGroup{groupName='task'} with description:task for handler method:fetchTasks 
[]2015-02-24T21:13:02,244Z INFO  c.m.s.s.ApiListingReferenceScanner - Request mapping: submitTask belongs to groups: [[ResourceGroup{groupName='task'}]]  
[]2015-02-24T21:13:02,244Z INFO  c.m.s.s.ApiListingReferenceScanner - Adding resource to group:ResourceGroup{groupName='task'} with description:task for handler method:submitTask 
[]2015-02-24T21:13:02,244Z INFO  c.m.s.s.ApiListingReferenceScanner - Request mapping: getTask belongs to groups: [[ResourceGroup{groupName='task'}]]  
[]2015-02-24T21:13:02,244Z INFO  c.m.s.s.ApiListingReferenceScanner - Adding resource to group:ResourceGroup{groupName='task'} with description:task for handler method:getTask 
[]2015-02-24T21:13:02,245Z INFO  c.m.s.s.ApiListingReferenceScanner - Excluding method as it contains the excluded annotation: interface com.mangofactory.swagger.annotations.ApiIgnore 
[]2015-02-24T21:13:02,245Z INFO  c.m.s.s.ApiListingReferenceScanner - Excluding method as it contains the excluded annotation: interface com.mangofactory.swagger.annotations.ApiIgnore 
[]2015-02-24T21:13:02,252Z INFO  c.m.s.s.ApiListingReferenceScanner - Created resource listing Path: http://localhost:8080/api-docs/default/task Description: task Position: 0 
[]2015-02-24T21:13:02,252Z INFO  c.m.s.s.ApiListingReferenceScanner - Created resource listing Path: http://localhost:8080/api-docs/default/command Description: command Position: 0 
[]2015-02-24T21:13:02,773Z INFO  c.m.s.c.SwaggerApiResourceListing - Added a resource listing with (2) api resources:  
[]2015-02-24T21:13:02,773Z INFO  c.m.s.c.SwaggerApiResourceListing -   command at location: /api-docshttp://localhost:8080/api-docs/default/command 
[]2015-02-24T21:13:02,774Z INFO  c.m.s.c.SwaggerApiResourceListing -   task at location: /api-docshttp://localhost:8080/api-docs/default/task 
[]2015-02-24T21:13:25,529Z INFO  org.quartz.core.QuartzScheduler - Scheduler cronScheduler_$_NON_CLUSTERED paused. 
[]2015-02-24T21:13:25,560Z INFO  org.quartz.core.QuartzScheduler - Scheduler cronScheduler_$_NON_CLUSTERED shutting down. 
[]2015-02-24T21:13:25,561Z INFO  org.quartz.core.QuartzScheduler - Scheduler cronScheduler_$_NON_CLUSTERED paused. 
[]2015-02-24T21:13:25,561Z INFO  org.quartz.core.QuartzScheduler - Scheduler cronScheduler_$_NON_CLUSTERED shutdown complete. 
[]2015-02-24T21:14:06,211Z INFO  org.quartz.impl.StdSchedulerFactory - Using default implementation for ThreadExecutor 
[]2015-02-24T21:14:06,256Z INFO  o.quartz.core.SchedulerSignalerImpl - Initialized Scheduler Signaller of type: class org.quartz.core.SchedulerSignalerImpl 
[]2015-02-24T21:14:06,257Z INFO  org.quartz.core.QuartzScheduler - Quartz Scheduler v.2.2.1 created. 
[]2015-02-24T21:14:06,259Z INFO  org.quartz.simpl.RAMJobStore - RAMJobStore initialized. 
[]2015-02-24T21:14:06,260Z INFO  org.quartz.core.QuartzScheduler - Scheduler meta-data: Quartz Scheduler (v2.2.1) 'cronScheduler' with instanceId 'NON_CLUSTERED'
  Scheduler class: 'org.quartz.core.QuartzScheduler' - running locally.
  NOT STARTED.
  Currently in standby mode.
  Number of jobs executed: 0
  Using thread pool 'org.quartz.simpl.SimpleThreadPool' - with 20 threads.
  Using job-store 'org.quartz.simpl.RAMJobStore' - which does not support persistence. and is not clustered.
 
[]2015-02-24T21:14:06,260Z INFO  org.quartz.impl.StdSchedulerFactory - Quartz scheduler 'cronScheduler' initialized from an externally provided properties instance. 
[]2015-02-24T21:14:06,260Z INFO  org.quartz.impl.StdSchedulerFactory - Quartz scheduler version: 2.2.1 
[]2015-02-24T21:14:06,262Z INFO  org.quartz.core.QuartzScheduler - JobFactory set to: org.springframework.scheduling.quartz.AdaptableJobFactory@6d1d813c 
[]2015-02-24T21:14:07,660Z INFO  org.quartz.core.QuartzScheduler - Scheduler cronScheduler_$_NON_CLUSTERED started. 
[]2015-02-24T21:14:09,667Z INFO  c.m.s.plugin.SwaggerPluginAdapter - Context refreshed 
[]2015-02-24T21:14:09,668Z INFO  c.m.s.plugin.SwaggerPluginAdapter - Found custom SwaggerSpringMvcPlugins 
[]2015-02-24T21:14:09,668Z INFO  c.m.s.plugin.SwaggerPluginAdapter - initializing plugin bean customImplementation 
[]2015-02-24T21:14:09,681Z INFO  c.m.s.s.ApiListingReferenceScanner - Scanning for api listing references 
[]2015-02-24T21:14:09,686Z INFO  c.m.s.s.ApiListingReferenceScanner - Request mapping: getWSCommands belongs to groups: [[ResourceGroup{groupName='command'}]]  
[]2015-02-24T21:14:09,686Z INFO  c.m.s.s.ApiListingReferenceScanner - Adding resource to group:ResourceGroup{groupName='command'} with description:command for handler method:getWSCommands 
[]2015-02-24T21:14:09,687Z INFO  c.m.s.s.ApiListingReferenceScanner - Request mapping: submitCommand belongs to groups: [[ResourceGroup{groupName='command'}]]  
[]2015-02-24T21:14:09,689Z INFO  c.m.s.s.ApiListingReferenceScanner - Adding resource to group:ResourceGroup{groupName='command'} with description:command for handler method:submitCommand 
[]2015-02-24T21:14:09,689Z INFO  c.m.s.s.ApiListingReferenceScanner - Request mapping: submitCommand belongs to groups: [[ResourceGroup{groupName='command'}]]  
[]2015-02-24T21:14:09,690Z INFO  c.m.s.s.ApiListingReferenceScanner - Adding resource to group:ResourceGroup{groupName='command'} with description:command for handler method:submitCommand 
[]2015-02-24T21:14:09,690Z INFO  c.m.s.s.ApiListingReferenceScanner - Request mapping: uploadFile belongs to groups: [[ResourceGroup{groupName='command'}]]  
[]2015-02-24T21:14:09,690Z INFO  c.m.s.s.ApiListingReferenceScanner - Adding resource to group:ResourceGroup{groupName='command'} with description:command for handler method:uploadFile 
[]2015-02-24T21:14:09,691Z INFO  c.m.s.s.ApiListingReferenceScanner - Request mapping: getWSCommand belongs to groups: [[ResourceGroup{groupName='command'}]]  
[]2015-02-24T21:14:09,691Z INFO  c.m.s.s.ApiListingReferenceScanner - Adding resource to group:ResourceGroup{groupName='command'} with description:command for handler method:getWSCommand 
[]2015-02-24T21:14:09,692Z INFO  c.m.s.s.ApiListingReferenceScanner - Request mapping: fetchTasks belongs to groups: [[ResourceGroup{groupName='task'}]]  
[]2015-02-24T21:14:09,692Z INFO  c.m.s.s.ApiListingReferenceScanner - Adding resource to group:ResourceGroup{groupName='task'} with description:task for handler method:fetchTasks 
[]2015-02-24T21:14:09,692Z INFO  c.m.s.s.ApiListingReferenceScanner - Request mapping: submitTask belongs to groups: [[ResourceGroup{groupName='task'}]]  
[]2015-02-24T21:14:09,693Z INFO  c.m.s.s.ApiListingReferenceScanner - Adding resource to group:ResourceGroup{groupName='task'} with description:task for handler method:submitTask 
[]2015-02-24T21:14:09,693Z INFO  c.m.s.s.ApiListingReferenceScanner - Request mapping: getTask belongs to groups: [[ResourceGroup{groupName='task'}]]  
[]2015-02-24T21:14:09,693Z INFO  c.m.s.s.ApiListingReferenceScanner - Adding resource to group:ResourceGroup{groupName='task'} with description:task for handler method:getTask 
[]2015-02-24T21:14:09,693Z INFO  c.m.s.s.ApiListingReferenceScanner - Excluding method as it contains the excluded annotation: interface com.mangofactory.swagger.annotations.ApiIgnore 
[]2015-02-24T21:14:09,694Z INFO  c.m.s.s.ApiListingReferenceScanner - Excluding method as it contains the excluded annotation: interface com.mangofactory.swagger.annotations.ApiIgnore 
[]2015-02-24T21:14:09,704Z INFO  c.m.s.s.ApiListingReferenceScanner - Created resource listing Path: http://localhost:8080/api-docs/default/task Description: task Position: 0 
[]2015-02-24T21:14:09,705Z INFO  c.m.s.s.ApiListingReferenceScanner - Created resource listing Path: http://localhost:8080/api-docs/default/command Description: command Position: 0 
[]2015-02-24T21:14:10,242Z INFO  c.m.s.c.SwaggerApiResourceListing - Added a resource listing with (2) api resources:  
[]2015-02-24T21:14:10,242Z INFO  c.m.s.c.SwaggerApiResourceListing -   command at location: /api-docshttp://localhost:8080/api-docs/default/command 
[]2015-02-24T21:14:10,242Z INFO  c.m.s.c.SwaggerApiResourceListing -   task at location: /api-docshttp://localhost:8080/api-docs/default/task 
[]2015-02-24T21:17:19,030Z INFO  org.quartz.core.QuartzScheduler - Scheduler cronScheduler_$_NON_CLUSTERED paused. 
[]2015-02-24T21:17:19,039Z INFO  org.quartz.core.QuartzScheduler - Scheduler cronScheduler_$_NON_CLUSTERED shutting down. 
[]2015-02-24T21:17:19,039Z INFO  org.quartz.core.QuartzScheduler - Scheduler cronScheduler_$_NON_CLUSTERED paused. 
[]2015-02-24T21:17:19,040Z INFO  org.quartz.core.QuartzScheduler - Scheduler cronScheduler_$_NON_CLUSTERED shutdown complete. 
