[]2015-03-10T23:11:50,513Z ERROR c.g.x.s.c.CommandController - null 
java.lang.NullPointerException: null
	at com.gdn.x.scheduler.controller.CommandController.getWSCommands(CommandController.java:148) ~[classes/:na]
	at sun.reflect.NativeMethodAccessorImpl.invoke0(Native Method) ~[na:1.7.0_40]
	at sun.reflect.NativeMethodAccessorImpl.invoke(NativeMethodAccessorImpl.java:57) ~[na:1.7.0_40]
	at sun.reflect.DelegatingMethodAccessorImpl.invoke(DelegatingMethodAccessorImpl.java:43) ~[na:1.7.0_40]
	at java.lang.reflect.Method.invoke(Method.java:606) ~[na:1.7.0_40]
	at org.springframework.web.method.support.InvocableHandlerMethod.invoke(InvocableHandlerMethod.java:215) [spring-web-4.1.0.RELEASE.jar:4.1.0.RELEASE]
	at org.springframework.web.method.support.InvocableHandlerMethod.invokeForRequest(InvocableHandlerMethod.java:132) [spring-web-4.1.0.RELEASE.jar:4.1.0.RELEASE]
	at org.springframework.web.servlet.mvc.method.annotation.ServletInvocableHandlerMethod.invokeAndHandle(ServletInvocableHandlerMethod.java:104) [spring-webmvc-4.1.0.RELEASE.jar:4.1.0.RELEASE]
	at org.springframework.web.servlet.mvc.method.annotation.RequestMappingHandlerAdapter.invokeHandleMethod(RequestMappingHandlerAdapter.java:781) [spring-webmvc-4.1.0.RELEASE.jar:4.1.0.RELEASE]
	at org.springframework.web.servlet.mvc.method.annotation.RequestMappingHandlerAdapter.handleInternal(RequestMappingHandlerAdapter.java:721) [spring-webmvc-4.1.0.RELEASE.jar:4.1.0.RELEASE]
	at org.springframework.web.servlet.mvc.method.AbstractHandlerMethodAdapter.handle(AbstractHandlerMethodAdapter.java:83) [spring-webmvc-4.1.0.RELEASE.jar:4.1.0.RELEASE]
	at org.springframework.web.servlet.DispatcherServlet.doDispatch(DispatcherServlet.java:943) [spring-webmvc-4.1.0.RELEASE.jar:4.1.0.RELEASE]
	at org.springframework.web.servlet.DispatcherServlet.doService(DispatcherServlet.java:877) [spring-webmvc-4.1.0.RELEASE.jar:4.1.0.RELEASE]
	at org.springframework.web.servlet.FrameworkServlet.processRequest(FrameworkServlet.java:961) [spring-webmvc-4.1.0.RELEASE.jar:4.1.0.RELEASE]
	at org.springframework.web.servlet.FrameworkServlet.doGet(FrameworkServlet.java:852) [spring-webmvc-4.1.0.RELEASE.jar:4.1.0.RELEASE]
	at javax.servlet.http.HttpServlet.service(HttpServlet.java:687) [javax.servlet-api-3.1.0.jar:3.1.0]
	at org.springframework.web.servlet.FrameworkServlet.service(FrameworkServlet.java:837) [spring-webmvc-4.1.0.RELEASE.jar:4.1.0.RELEASE]
	at org.springframework.test.web.servlet.TestDispatcherServlet.service(TestDispatcherServlet.java:62) [spring-test-4.1.0.RELEASE.jar:4.1.0.RELEASE]
	at javax.servlet.http.HttpServlet.service(HttpServlet.java:790) [javax.servlet-api-3.1.0.jar:3.1.0]
	at org.springframework.mock.web.MockFilterChain$ServletFilterProxy.doFilter(MockFilterChain.java:170) [spring-test-4.1.0.RELEASE.jar:4.1.0.RELEASE]
	at org.springframework.mock.web.MockFilterChain.doFilter(MockFilterChain.java:137) [spring-test-4.1.0.RELEASE.jar:4.1.0.RELEASE]
	at org.springframework.test.web.servlet.MockMvc.perform(MockMvc.java:145) [spring-test-4.1.0.RELEASE.jar:4.1.0.RELEASE]
	at com.gdn.x.scheduler.controller.CommandControllerTest.getWSCommands_nullRecords_NPERaised(CommandControllerTest.java:208) [test-classes/:na]
	at sun.reflect.NativeMethodAccessorImpl.invoke0(Native Method) ~[na:1.7.0_40]
	at sun.reflect.NativeMethodAccessorImpl.invoke(NativeMethodAccessorImpl.java:57) ~[na:1.7.0_40]
	at sun.reflect.DelegatingMethodAccessorImpl.invoke(DelegatingMethodAccessorImpl.java:43) ~[na:1.7.0_40]
	at java.lang.reflect.Method.invoke(Method.java:606) ~[na:1.7.0_40]
	at org.junit.runners.model.FrameworkMethod$1.runReflectiveCall(FrameworkMethod.java:47) [junit-4.11.jar:na]
	at org.junit.internal.runners.model.ReflectiveCallable.run(ReflectiveCallable.java:12) [junit-4.11.jar:na]
	at org.junit.runners.model.FrameworkMethod.invokeExplosively(FrameworkMethod.java:44) [junit-4.11.jar:na]
	at org.junit.internal.runners.statements.InvokeMethod.evaluate(InvokeMethod.java:17) [junit-4.11.jar:na]
	at org.junit.internal.runners.statements.ExpectException.evaluate(ExpectException.java:19) [junit-4.11.jar:na]
	at org.junit.internal.runners.statements.FailOnTimeout$StatementThread.run(FailOnTimeout.java:74) [junit-4.11.jar:na]
[]2015-03-10T23:11:51,743Z DEBUG c.g.x.s.c.CommandController - total commands found: 2 
[]2015-03-10T23:11:51,919Z DEBUG c.g.x.s.c.CommandController - total commands found: 2 
[]2015-03-10T23:11:52,053Z DEBUG c.g.x.s.c.CommandController - total commands found: 0 
[]2015-03-10T23:11:52,507Z ERROR c.g.x.s.controller.TaskController - null 
java.lang.NullPointerException: null
	at com.gdn.x.scheduler.controller.TaskController.fetchTasks(TaskController.java:88) ~[classes/:na]
	at sun.reflect.NativeMethodAccessorImpl.invoke0(Native Method) ~[na:1.7.0_40]
	at sun.reflect.NativeMethodAccessorImpl.invoke(NativeMethodAccessorImpl.java:57) ~[na:1.7.0_40]
	at sun.reflect.DelegatingMethodAccessorImpl.invoke(DelegatingMethodAccessorImpl.java:43) ~[na:1.7.0_40]
	at java.lang.reflect.Method.invoke(Method.java:606) ~[na:1.7.0_40]
	at org.springframework.web.method.support.InvocableHandlerMethod.invoke(InvocableHandlerMethod.java:215) [spring-web-4.1.0.RELEASE.jar:4.1.0.RELEASE]
	at org.springframework.web.method.support.InvocableHandlerMethod.invokeForRequest(InvocableHandlerMethod.java:132) [spring-web-4.1.0.RELEASE.jar:4.1.0.RELEASE]
	at org.springframework.web.servlet.mvc.method.annotation.ServletInvocableHandlerMethod.invokeAndHandle(ServletInvocableHandlerMethod.java:104) [spring-webmvc-4.1.0.RELEASE.jar:4.1.0.RELEASE]
	at org.springframework.web.servlet.mvc.method.annotation.RequestMappingHandlerAdapter.invokeHandleMethod(RequestMappingHandlerAdapter.java:781) [spring-webmvc-4.1.0.RELEASE.jar:4.1.0.RELEASE]
	at org.springframework.web.servlet.mvc.method.annotation.RequestMappingHandlerAdapter.handleInternal(RequestMappingHandlerAdapter.java:721) [spring-webmvc-4.1.0.RELEASE.jar:4.1.0.RELEASE]
	at org.springframework.web.servlet.mvc.method.AbstractHandlerMethodAdapter.handle(AbstractHandlerMethodAdapter.java:83) [spring-webmvc-4.1.0.RELEASE.jar:4.1.0.RELEASE]
	at org.springframework.web.servlet.DispatcherServlet.doDispatch(DispatcherServlet.java:943) [spring-webmvc-4.1.0.RELEASE.jar:4.1.0.RELEASE]
	at org.springframework.web.servlet.DispatcherServlet.doService(DispatcherServlet.java:877) [spring-webmvc-4.1.0.RELEASE.jar:4.1.0.RELEASE]
	at org.springframework.web.servlet.FrameworkServlet.processRequest(FrameworkServlet.java:961) [spring-webmvc-4.1.0.RELEASE.jar:4.1.0.RELEASE]
	at org.springframework.web.servlet.FrameworkServlet.doGet(FrameworkServlet.java:852) [spring-webmvc-4.1.0.RELEASE.jar:4.1.0.RELEASE]
	at javax.servlet.http.HttpServlet.service(HttpServlet.java:687) [javax.servlet-api-3.1.0.jar:3.1.0]
	at org.springframework.web.servlet.FrameworkServlet.service(FrameworkServlet.java:837) [spring-webmvc-4.1.0.RELEASE.jar:4.1.0.RELEASE]
	at org.springframework.test.web.servlet.TestDispatcherServlet.service(TestDispatcherServlet.java:62) [spring-test-4.1.0.RELEASE.jar:4.1.0.RELEASE]
	at javax.servlet.http.HttpServlet.service(HttpServlet.java:790) [javax.servlet-api-3.1.0.jar:3.1.0]
	at org.springframework.mock.web.MockFilterChain$ServletFilterProxy.doFilter(MockFilterChain.java:170) [spring-test-4.1.0.RELEASE.jar:4.1.0.RELEASE]
	at org.springframework.mock.web.MockFilterChain.doFilter(MockFilterChain.java:137) [spring-test-4.1.0.RELEASE.jar:4.1.0.RELEASE]
	at org.springframework.test.web.servlet.MockMvc.perform(MockMvc.java:145) [spring-test-4.1.0.RELEASE.jar:4.1.0.RELEASE]
	at com.gdn.x.scheduler.controller.TaskControllerTest.fetchTasks_nullRecords_NPERaised(TaskControllerTest.java:117) [test-classes/:na]
	at sun.reflect.NativeMethodAccessorImpl.invoke0(Native Method) ~[na:1.7.0_40]
	at sun.reflect.NativeMethodAccessorImpl.invoke(NativeMethodAccessorImpl.java:57) ~[na:1.7.0_40]
	at sun.reflect.DelegatingMethodAccessorImpl.invoke(DelegatingMethodAccessorImpl.java:43) ~[na:1.7.0_40]
	at java.lang.reflect.Method.invoke(Method.java:606) ~[na:1.7.0_40]
	at org.junit.runners.model.FrameworkMethod$1.runReflectiveCall(FrameworkMethod.java:47) [junit-4.11.jar:na]
	at org.junit.internal.runners.model.ReflectiveCallable.run(ReflectiveCallable.java:12) [junit-4.11.jar:na]
	at org.junit.runners.model.FrameworkMethod.invokeExplosively(FrameworkMethod.java:44) [junit-4.11.jar:na]
	at org.junit.internal.runners.statements.InvokeMethod.evaluate(InvokeMethod.java:17) [junit-4.11.jar:na]
	at org.junit.internal.runners.statements.ExpectException.evaluate(ExpectException.java:19) [junit-4.11.jar:na]
	at org.junit.internal.runners.statements.FailOnTimeout$StatementThread.run(FailOnTimeout.java:74) [junit-4.11.jar:na]
[]2015-03-10T23:11:52,691Z DEBUG c.g.x.s.controller.TaskController - total tasks found: 0 
[]2015-03-10T23:14:41,055Z DEBUG c.g.x.s.s.i.impl.SchedulerBootstrap - total tasks fetched from db: 0 
[]2015-03-10T23:20:34,293Z DEBUG c.g.x.s.s.i.impl.SchedulerBootstrap - total tasks fetched from db: 0 
[]2015-03-10T23:24:14,457Z ERROR c.g.x.s.c.CommandController - null 
java.lang.NullPointerException: null
	at com.gdn.x.scheduler.controller.CommandController.getWSCommands(CommandController.java:148) ~[classes/:na]
	at sun.reflect.NativeMethodAccessorImpl.invoke0(Native Method) ~[na:1.7.0_40]
	at sun.reflect.NativeMethodAccessorImpl.invoke(NativeMethodAccessorImpl.java:57) ~[na:1.7.0_40]
	at sun.reflect.DelegatingMethodAccessorImpl.invoke(DelegatingMethodAccessorImpl.java:43) ~[na:1.7.0_40]
	at java.lang.reflect.Method.invoke(Method.java:606) ~[na:1.7.0_40]
	at org.springframework.web.method.support.InvocableHandlerMethod.invoke(InvocableHandlerMethod.java:215) [spring-web-4.1.0.RELEASE.jar:4.1.0.RELEASE]
	at org.springframework.web.method.support.InvocableHandlerMethod.invokeForRequest(InvocableHandlerMethod.java:132) [spring-web-4.1.0.RELEASE.jar:4.1.0.RELEASE]
	at org.springframework.web.servlet.mvc.method.annotation.ServletInvocableHandlerMethod.invokeAndHandle(ServletInvocableHandlerMethod.java:104) [spring-webmvc-4.1.0.RELEASE.jar:4.1.0.RELEASE]
	at org.springframework.web.servlet.mvc.method.annotation.RequestMappingHandlerAdapter.invokeHandleMethod(RequestMappingHandlerAdapter.java:781) [spring-webmvc-4.1.0.RELEASE.jar:4.1.0.RELEASE]
	at org.springframework.web.servlet.mvc.method.annotation.RequestMappingHandlerAdapter.handleInternal(RequestMappingHandlerAdapter.java:721) [spring-webmvc-4.1.0.RELEASE.jar:4.1.0.RELEASE]
	at org.springframework.web.servlet.mvc.method.AbstractHandlerMethodAdapter.handle(AbstractHandlerMethodAdapter.java:83) [spring-webmvc-4.1.0.RELEASE.jar:4.1.0.RELEASE]
	at org.springframework.web.servlet.DispatcherServlet.doDispatch(DispatcherServlet.java:943) [spring-webmvc-4.1.0.RELEASE.jar:4.1.0.RELEASE]
	at org.springframework.web.servlet.DispatcherServlet.doService(DispatcherServlet.java:877) [spring-webmvc-4.1.0.RELEASE.jar:4.1.0.RELEASE]
	at org.springframework.web.servlet.FrameworkServlet.processRequest(FrameworkServlet.java:961) [spring-webmvc-4.1.0.RELEASE.jar:4.1.0.RELEASE]
	at org.springframework.web.servlet.FrameworkServlet.doGet(FrameworkServlet.java:852) [spring-webmvc-4.1.0.RELEASE.jar:4.1.0.RELEASE]
	at javax.servlet.http.HttpServlet.service(HttpServlet.java:687) [javax.servlet-api-3.1.0.jar:3.1.0]
	at org.springframework.web.servlet.FrameworkServlet.service(FrameworkServlet.java:837) [spring-webmvc-4.1.0.RELEASE.jar:4.1.0.RELEASE]
	at org.springframework.test.web.servlet.TestDispatcherServlet.service(TestDispatcherServlet.java:62) [spring-test-4.1.0.RELEASE.jar:4.1.0.RELEASE]
	at javax.servlet.http.HttpServlet.service(HttpServlet.java:790) [javax.servlet-api-3.1.0.jar:3.1.0]
	at org.springframework.mock.web.MockFilterChain$ServletFilterProxy.doFilter(MockFilterChain.java:170) [spring-test-4.1.0.RELEASE.jar:4.1.0.RELEASE]
	at org.springframework.mock.web.MockFilterChain.doFilter(MockFilterChain.java:137) [spring-test-4.1.0.RELEASE.jar:4.1.0.RELEASE]
	at org.springframework.test.web.servlet.MockMvc.perform(MockMvc.java:145) [spring-test-4.1.0.RELEASE.jar:4.1.0.RELEASE]
	at com.gdn.x.scheduler.controller.CommandControllerTest.getWSCommands_nullRecords_NPERaised(CommandControllerTest.java:208) [test-classes/:na]
	at sun.reflect.NativeMethodAccessorImpl.invoke0(Native Method) ~[na:1.7.0_40]
	at sun.reflect.NativeMethodAccessorImpl.invoke(NativeMethodAccessorImpl.java:57) ~[na:1.7.0_40]
	at sun.reflect.DelegatingMethodAccessorImpl.invoke(DelegatingMethodAccessorImpl.java:43) ~[na:1.7.0_40]
	at java.lang.reflect.Method.invoke(Method.java:606) ~[na:1.7.0_40]
	at org.junit.runners.model.FrameworkMethod$1.runReflectiveCall(FrameworkMethod.java:47) [junit-4.11.jar:na]
	at org.junit.internal.runners.model.ReflectiveCallable.run(ReflectiveCallable.java:12) [junit-4.11.jar:na]
	at org.junit.runners.model.FrameworkMethod.invokeExplosively(FrameworkMethod.java:44) [junit-4.11.jar:na]
	at org.junit.internal.runners.statements.InvokeMethod.evaluate(InvokeMethod.java:17) [junit-4.11.jar:na]
	at org.junit.internal.runners.statements.ExpectException.evaluate(ExpectException.java:19) [junit-4.11.jar:na]
	at org.junit.internal.runners.statements.FailOnTimeout$StatementThread.run(FailOnTimeout.java:74) [junit-4.11.jar:na]
[]2015-03-10T23:24:14,982Z DEBUG c.g.x.s.c.CommandController - total commands found: 2 
[]2015-03-10T23:24:15,163Z DEBUG c.g.x.s.c.CommandController - total commands found: 2 
[]2015-03-10T23:24:15,286Z DEBUG c.g.x.s.c.CommandController - total commands found: 0 
[]2015-03-10T23:24:15,671Z ERROR c.g.x.s.controller.TaskController - null 
java.lang.NullPointerException: null
	at com.gdn.x.scheduler.controller.TaskController.fetchTasks(TaskController.java:88) ~[classes/:na]
	at sun.reflect.NativeMethodAccessorImpl.invoke0(Native Method) ~[na:1.7.0_40]
	at sun.reflect.NativeMethodAccessorImpl.invoke(NativeMethodAccessorImpl.java:57) ~[na:1.7.0_40]
	at sun.reflect.DelegatingMethodAccessorImpl.invoke(DelegatingMethodAccessorImpl.java:43) ~[na:1.7.0_40]
	at java.lang.reflect.Method.invoke(Method.java:606) ~[na:1.7.0_40]
	at org.springframework.web.method.support.InvocableHandlerMethod.invoke(InvocableHandlerMethod.java:215) [spring-web-4.1.0.RELEASE.jar:4.1.0.RELEASE]
	at org.springframework.web.method.support.InvocableHandlerMethod.invokeForRequest(InvocableHandlerMethod.java:132) [spring-web-4.1.0.RELEASE.jar:4.1.0.RELEASE]
	at org.springframework.web.servlet.mvc.method.annotation.ServletInvocableHandlerMethod.invokeAndHandle(ServletInvocableHandlerMethod.java:104) [spring-webmvc-4.1.0.RELEASE.jar:4.1.0.RELEASE]
	at org.springframework.web.servlet.mvc.method.annotation.RequestMappingHandlerAdapter.invokeHandleMethod(RequestMappingHandlerAdapter.java:781) [spring-webmvc-4.1.0.RELEASE.jar:4.1.0.RELEASE]
	at org.springframework.web.servlet.mvc.method.annotation.RequestMappingHandlerAdapter.handleInternal(RequestMappingHandlerAdapter.java:721) [spring-webmvc-4.1.0.RELEASE.jar:4.1.0.RELEASE]
	at org.springframework.web.servlet.mvc.method.AbstractHandlerMethodAdapter.handle(AbstractHandlerMethodAdapter.java:83) [spring-webmvc-4.1.0.RELEASE.jar:4.1.0.RELEASE]
	at org.springframework.web.servlet.DispatcherServlet.doDispatch(DispatcherServlet.java:943) [spring-webmvc-4.1.0.RELEASE.jar:4.1.0.RELEASE]
	at org.springframework.web.servlet.DispatcherServlet.doService(DispatcherServlet.java:877) [spring-webmvc-4.1.0.RELEASE.jar:4.1.0.RELEASE]
	at org.springframework.web.servlet.FrameworkServlet.processRequest(FrameworkServlet.java:961) [spring-webmvc-4.1.0.RELEASE.jar:4.1.0.RELEASE]
	at org.springframework.web.servlet.FrameworkServlet.doGet(FrameworkServlet.java:852) [spring-webmvc-4.1.0.RELEASE.jar:4.1.0.RELEASE]
	at javax.servlet.http.HttpServlet.service(HttpServlet.java:687) [javax.servlet-api-3.1.0.jar:3.1.0]
	at org.springframework.web.servlet.FrameworkServlet.service(FrameworkServlet.java:837) [spring-webmvc-4.1.0.RELEASE.jar:4.1.0.RELEASE]
	at org.springframework.test.web.servlet.TestDispatcherServlet.service(TestDispatcherServlet.java:62) [spring-test-4.1.0.RELEASE.jar:4.1.0.RELEASE]
	at javax.servlet.http.HttpServlet.service(HttpServlet.java:790) [javax.servlet-api-3.1.0.jar:3.1.0]
	at org.springframework.mock.web.MockFilterChain$ServletFilterProxy.doFilter(MockFilterChain.java:170) [spring-test-4.1.0.RELEASE.jar:4.1.0.RELEASE]
	at org.springframework.mock.web.MockFilterChain.doFilter(MockFilterChain.java:137) [spring-test-4.1.0.RELEASE.jar:4.1.0.RELEASE]
	at org.springframework.test.web.servlet.MockMvc.perform(MockMvc.java:145) [spring-test-4.1.0.RELEASE.jar:4.1.0.RELEASE]
	at com.gdn.x.scheduler.controller.TaskControllerTest.fetchTasks_nullRecords_NPERaised(TaskControllerTest.java:117) [test-classes/:na]
	at sun.reflect.NativeMethodAccessorImpl.invoke0(Native Method) ~[na:1.7.0_40]
	at sun.reflect.NativeMethodAccessorImpl.invoke(NativeMethodAccessorImpl.java:57) ~[na:1.7.0_40]
	at sun.reflect.DelegatingMethodAccessorImpl.invoke(DelegatingMethodAccessorImpl.java:43) ~[na:1.7.0_40]
	at java.lang.reflect.Method.invoke(Method.java:606) ~[na:1.7.0_40]
	at org.junit.runners.model.FrameworkMethod$1.runReflectiveCall(FrameworkMethod.java:47) [junit-4.11.jar:na]
	at org.junit.internal.runners.model.ReflectiveCallable.run(ReflectiveCallable.java:12) [junit-4.11.jar:na]
	at org.junit.runners.model.FrameworkMethod.invokeExplosively(FrameworkMethod.java:44) [junit-4.11.jar:na]
	at org.junit.internal.runners.statements.InvokeMethod.evaluate(InvokeMethod.java:17) [junit-4.11.jar:na]
	at org.junit.internal.runners.statements.ExpectException.evaluate(ExpectException.java:19) [junit-4.11.jar:na]
	at org.junit.internal.runners.statements.FailOnTimeout$StatementThread.run(FailOnTimeout.java:74) [junit-4.11.jar:na]
[]2015-03-10T23:24:15,796Z DEBUG c.g.x.s.controller.TaskController - total tasks found: 0 
[]2015-03-10T23:25:09,492Z DEBUG c.g.x.s.s.i.impl.SchedulerBootstrap - total tasks fetched from db: 0 
[]2015-03-10T23:32:10,211Z ERROR c.g.x.s.c.CommandController - null 
java.lang.NullPointerException: null
	at com.gdn.x.scheduler.controller.CommandController.getWSCommands(CommandController.java:148) ~[classes/:na]
	at sun.reflect.NativeMethodAccessorImpl.invoke0(Native Method) ~[na:1.7.0_40]
	at sun.reflect.NativeMethodAccessorImpl.invoke(NativeMethodAccessorImpl.java:57) ~[na:1.7.0_40]
	at sun.reflect.DelegatingMethodAccessorImpl.invoke(DelegatingMethodAccessorImpl.java:43) ~[na:1.7.0_40]
	at java.lang.reflect.Method.invoke(Method.java:606) ~[na:1.7.0_40]
	at org.springframework.web.method.support.InvocableHandlerMethod.invoke(InvocableHandlerMethod.java:215) [spring-web-4.1.0.RELEASE.jar:4.1.0.RELEASE]
	at org.springframework.web.method.support.InvocableHandlerMethod.invokeForRequest(InvocableHandlerMethod.java:132) [spring-web-4.1.0.RELEASE.jar:4.1.0.RELEASE]
	at org.springframework.web.servlet.mvc.method.annotation.ServletInvocableHandlerMethod.invokeAndHandle(ServletInvocableHandlerMethod.java:104) [spring-webmvc-4.1.0.RELEASE.jar:4.1.0.RELEASE]
	at org.springframework.web.servlet.mvc.method.annotation.RequestMappingHandlerAdapter.invokeHandleMethod(RequestMappingHandlerAdapter.java:781) [spring-webmvc-4.1.0.RELEASE.jar:4.1.0.RELEASE]
	at org.springframework.web.servlet.mvc.method.annotation.RequestMappingHandlerAdapter.handleInternal(RequestMappingHandlerAdapter.java:721) [spring-webmvc-4.1.0.RELEASE.jar:4.1.0.RELEASE]
	at org.springframework.web.servlet.mvc.method.AbstractHandlerMethodAdapter.handle(AbstractHandlerMethodAdapter.java:83) [spring-webmvc-4.1.0.RELEASE.jar:4.1.0.RELEASE]
	at org.springframework.web.servlet.DispatcherServlet.doDispatch(DispatcherServlet.java:943) [spring-webmvc-4.1.0.RELEASE.jar:4.1.0.RELEASE]
	at org.springframework.web.servlet.DispatcherServlet.doService(DispatcherServlet.java:877) [spring-webmvc-4.1.0.RELEASE.jar:4.1.0.RELEASE]
	at org.springframework.web.servlet.FrameworkServlet.processRequest(FrameworkServlet.java:961) [spring-webmvc-4.1.0.RELEASE.jar:4.1.0.RELEASE]
	at org.springframework.web.servlet.FrameworkServlet.doGet(FrameworkServlet.java:852) [spring-webmvc-4.1.0.RELEASE.jar:4.1.0.RELEASE]
	at javax.servlet.http.HttpServlet.service(HttpServlet.java:687) [javax.servlet-api-3.1.0.jar:3.1.0]
	at org.springframework.web.servlet.FrameworkServlet.service(FrameworkServlet.java:837) [spring-webmvc-4.1.0.RELEASE.jar:4.1.0.RELEASE]
	at org.springframework.test.web.servlet.TestDispatcherServlet.service(TestDispatcherServlet.java:62) [spring-test-4.1.0.RELEASE.jar:4.1.0.RELEASE]
	at javax.servlet.http.HttpServlet.service(HttpServlet.java:790) [javax.servlet-api-3.1.0.jar:3.1.0]
	at org.springframework.mock.web.MockFilterChain$ServletFilterProxy.doFilter(MockFilterChain.java:170) [spring-test-4.1.0.RELEASE.jar:4.1.0.RELEASE]
	at org.springframework.mock.web.MockFilterChain.doFilter(MockFilterChain.java:137) [spring-test-4.1.0.RELEASE.jar:4.1.0.RELEASE]
	at org.springframework.test.web.servlet.MockMvc.perform(MockMvc.java:145) [spring-test-4.1.0.RELEASE.jar:4.1.0.RELEASE]
	at com.gdn.x.scheduler.controller.CommandControllerTest.getWSCommands_nullRecords_NPERaised(CommandControllerTest.java:208) [test-classes/:na]
	at sun.reflect.NativeMethodAccessorImpl.invoke0(Native Method) ~[na:1.7.0_40]
	at sun.reflect.NativeMethodAccessorImpl.invoke(NativeMethodAccessorImpl.java:57) ~[na:1.7.0_40]
	at sun.reflect.DelegatingMethodAccessorImpl.invoke(DelegatingMethodAccessorImpl.java:43) ~[na:1.7.0_40]
	at java.lang.reflect.Method.invoke(Method.java:606) ~[na:1.7.0_40]
	at org.junit.runners.model.FrameworkMethod$1.runReflectiveCall(FrameworkMethod.java:47) [junit-4.11.jar:na]
	at org.junit.internal.runners.model.ReflectiveCallable.run(ReflectiveCallable.java:12) [junit-4.11.jar:na]
	at org.junit.runners.model.FrameworkMethod.invokeExplosively(FrameworkMethod.java:44) [junit-4.11.jar:na]
	at org.junit.internal.runners.statements.InvokeMethod.evaluate(InvokeMethod.java:17) [junit-4.11.jar:na]
	at org.junit.internal.runners.statements.ExpectException.evaluate(ExpectException.java:19) [junit-4.11.jar:na]
	at org.junit.internal.runners.statements.FailOnTimeout$StatementThread.run(FailOnTimeout.java:74) [junit-4.11.jar:na]
[]2015-03-10T23:32:10,738Z DEBUG c.g.x.s.c.CommandController - total commands found: 2 
[]2015-03-10T23:32:10,915Z DEBUG c.g.x.s.c.CommandController - total commands found: 2 
[]2015-03-10T23:32:11,040Z DEBUG c.g.x.s.c.CommandController - total commands found: 0 
[]2015-03-10T23:32:11,497Z ERROR c.g.x.s.controller.TaskController - null 
java.lang.NullPointerException: null
	at com.gdn.x.scheduler.controller.TaskController.fetchTasks(TaskController.java:88) ~[classes/:na]
	at sun.reflect.NativeMethodAccessorImpl.invoke0(Native Method) ~[na:1.7.0_40]
	at sun.reflect.NativeMethodAccessorImpl.invoke(NativeMethodAccessorImpl.java:57) ~[na:1.7.0_40]
	at sun.reflect.DelegatingMethodAccessorImpl.invoke(DelegatingMethodAccessorImpl.java:43) ~[na:1.7.0_40]
	at java.lang.reflect.Method.invoke(Method.java:606) ~[na:1.7.0_40]
	at org.springframework.web.method.support.InvocableHandlerMethod.invoke(InvocableHandlerMethod.java:215) [spring-web-4.1.0.RELEASE.jar:4.1.0.RELEASE]
	at org.springframework.web.method.support.InvocableHandlerMethod.invokeForRequest(InvocableHandlerMethod.java:132) [spring-web-4.1.0.RELEASE.jar:4.1.0.RELEASE]
	at org.springframework.web.servlet.mvc.method.annotation.ServletInvocableHandlerMethod.invokeAndHandle(ServletInvocableHandlerMethod.java:104) [spring-webmvc-4.1.0.RELEASE.jar:4.1.0.RELEASE]
	at org.springframework.web.servlet.mvc.method.annotation.RequestMappingHandlerAdapter.invokeHandleMethod(RequestMappingHandlerAdapter.java:781) [spring-webmvc-4.1.0.RELEASE.jar:4.1.0.RELEASE]
	at org.springframework.web.servlet.mvc.method.annotation.RequestMappingHandlerAdapter.handleInternal(RequestMappingHandlerAdapter.java:721) [spring-webmvc-4.1.0.RELEASE.jar:4.1.0.RELEASE]
	at org.springframework.web.servlet.mvc.method.AbstractHandlerMethodAdapter.handle(AbstractHandlerMethodAdapter.java:83) [spring-webmvc-4.1.0.RELEASE.jar:4.1.0.RELEASE]
	at org.springframework.web.servlet.DispatcherServlet.doDispatch(DispatcherServlet.java:943) [spring-webmvc-4.1.0.RELEASE.jar:4.1.0.RELEASE]
	at org.springframework.web.servlet.DispatcherServlet.doService(DispatcherServlet.java:877) [spring-webmvc-4.1.0.RELEASE.jar:4.1.0.RELEASE]
	at org.springframework.web.servlet.FrameworkServlet.processRequest(FrameworkServlet.java:961) [spring-webmvc-4.1.0.RELEASE.jar:4.1.0.RELEASE]
	at org.springframework.web.servlet.FrameworkServlet.doGet(FrameworkServlet.java:852) [spring-webmvc-4.1.0.RELEASE.jar:4.1.0.RELEASE]
	at javax.servlet.http.HttpServlet.service(HttpServlet.java:687) [javax.servlet-api-3.1.0.jar:3.1.0]
	at org.springframework.web.servlet.FrameworkServlet.service(FrameworkServlet.java:837) [spring-webmvc-4.1.0.RELEASE.jar:4.1.0.RELEASE]
	at org.springframework.test.web.servlet.TestDispatcherServlet.service(TestDispatcherServlet.java:62) [spring-test-4.1.0.RELEASE.jar:4.1.0.RELEASE]
	at javax.servlet.http.HttpServlet.service(HttpServlet.java:790) [javax.servlet-api-3.1.0.jar:3.1.0]
	at org.springframework.mock.web.MockFilterChain$ServletFilterProxy.doFilter(MockFilterChain.java:170) [spring-test-4.1.0.RELEASE.jar:4.1.0.RELEASE]
	at org.springframework.mock.web.MockFilterChain.doFilter(MockFilterChain.java:137) [spring-test-4.1.0.RELEASE.jar:4.1.0.RELEASE]
	at org.springframework.test.web.servlet.MockMvc.perform(MockMvc.java:145) [spring-test-4.1.0.RELEASE.jar:4.1.0.RELEASE]
	at com.gdn.x.scheduler.controller.TaskControllerTest.fetchTasks_nullRecords_NPERaised(TaskControllerTest.java:117) [test-classes/:na]
	at sun.reflect.NativeMethodAccessorImpl.invoke0(Native Method) ~[na:1.7.0_40]
	at sun.reflect.NativeMethodAccessorImpl.invoke(NativeMethodAccessorImpl.java:57) ~[na:1.7.0_40]
	at sun.reflect.DelegatingMethodAccessorImpl.invoke(DelegatingMethodAccessorImpl.java:43) ~[na:1.7.0_40]
	at java.lang.reflect.Method.invoke(Method.java:606) ~[na:1.7.0_40]
	at org.junit.runners.model.FrameworkMethod$1.runReflectiveCall(FrameworkMethod.java:47) [junit-4.11.jar:na]
	at org.junit.internal.runners.model.ReflectiveCallable.run(ReflectiveCallable.java:12) [junit-4.11.jar:na]
	at org.junit.runners.model.FrameworkMethod.invokeExplosively(FrameworkMethod.java:44) [junit-4.11.jar:na]
	at org.junit.internal.runners.statements.InvokeMethod.evaluate(InvokeMethod.java:17) [junit-4.11.jar:na]
	at org.junit.internal.runners.statements.ExpectException.evaluate(ExpectException.java:19) [junit-4.11.jar:na]
	at org.junit.internal.runners.statements.FailOnTimeout$StatementThread.run(FailOnTimeout.java:74) [junit-4.11.jar:na]
[]2015-03-10T23:32:11,619Z DEBUG c.g.x.s.controller.TaskController - total tasks found: 0 
[]2015-03-10T23:33:02,390Z DEBUG c.g.x.s.s.i.impl.SchedulerBootstrap - total tasks fetched from db: 0 
[]2015-03-10T23:42:02,383Z ERROR c.g.x.s.c.CommandController - null 
java.lang.NullPointerException: null
	at com.gdn.x.scheduler.controller.CommandController.getWSCommands(CommandController.java:148) ~[classes/:na]
	at sun.reflect.NativeMethodAccessorImpl.invoke0(Native Method) ~[na:1.7.0_40]
	at sun.reflect.NativeMethodAccessorImpl.invoke(NativeMethodAccessorImpl.java:57) ~[na:1.7.0_40]
	at sun.reflect.DelegatingMethodAccessorImpl.invoke(DelegatingMethodAccessorImpl.java:43) ~[na:1.7.0_40]
	at java.lang.reflect.Method.invoke(Method.java:606) ~[na:1.7.0_40]
	at org.springframework.web.method.support.InvocableHandlerMethod.invoke(InvocableHandlerMethod.java:215) [spring-web-4.1.0.RELEASE.jar:4.1.0.RELEASE]
	at org.springframework.web.method.support.InvocableHandlerMethod.invokeForRequest(InvocableHandlerMethod.java:132) [spring-web-4.1.0.RELEASE.jar:4.1.0.RELEASE]
	at org.springframework.web.servlet.mvc.method.annotation.ServletInvocableHandlerMethod.invokeAndHandle(ServletInvocableHandlerMethod.java:104) [spring-webmvc-4.1.0.RELEASE.jar:4.1.0.RELEASE]
	at org.springframework.web.servlet.mvc.method.annotation.RequestMappingHandlerAdapter.invokeHandleMethod(RequestMappingHandlerAdapter.java:781) [spring-webmvc-4.1.0.RELEASE.jar:4.1.0.RELEASE]
	at org.springframework.web.servlet.mvc.method.annotation.RequestMappingHandlerAdapter.handleInternal(RequestMappingHandlerAdapter.java:721) [spring-webmvc-4.1.0.RELEASE.jar:4.1.0.RELEASE]
	at org.springframework.web.servlet.mvc.method.AbstractHandlerMethodAdapter.handle(AbstractHandlerMethodAdapter.java:83) [spring-webmvc-4.1.0.RELEASE.jar:4.1.0.RELEASE]
	at org.springframework.web.servlet.DispatcherServlet.doDispatch(DispatcherServlet.java:943) [spring-webmvc-4.1.0.RELEASE.jar:4.1.0.RELEASE]
	at org.springframework.web.servlet.DispatcherServlet.doService(DispatcherServlet.java:877) [spring-webmvc-4.1.0.RELEASE.jar:4.1.0.RELEASE]
	at org.springframework.web.servlet.FrameworkServlet.processRequest(FrameworkServlet.java:961) [spring-webmvc-4.1.0.RELEASE.jar:4.1.0.RELEASE]
	at org.springframework.web.servlet.FrameworkServlet.doGet(FrameworkServlet.java:852) [spring-webmvc-4.1.0.RELEASE.jar:4.1.0.RELEASE]
	at javax.servlet.http.HttpServlet.service(HttpServlet.java:687) [javax.servlet-api-3.1.0.jar:3.1.0]
	at org.springframework.web.servlet.FrameworkServlet.service(FrameworkServlet.java:837) [spring-webmvc-4.1.0.RELEASE.jar:4.1.0.RELEASE]
	at org.springframework.test.web.servlet.TestDispatcherServlet.service(TestDispatcherServlet.java:62) [spring-test-4.1.0.RELEASE.jar:4.1.0.RELEASE]
	at javax.servlet.http.HttpServlet.service(HttpServlet.java:790) [javax.servlet-api-3.1.0.jar:3.1.0]
	at org.springframework.mock.web.MockFilterChain$ServletFilterProxy.doFilter(MockFilterChain.java:170) [spring-test-4.1.0.RELEASE.jar:4.1.0.RELEASE]
	at org.springframework.mock.web.MockFilterChain.doFilter(MockFilterChain.java:137) [spring-test-4.1.0.RELEASE.jar:4.1.0.RELEASE]
	at org.springframework.test.web.servlet.MockMvc.perform(MockMvc.java:145) [spring-test-4.1.0.RELEASE.jar:4.1.0.RELEASE]
	at com.gdn.x.scheduler.controller.CommandControllerTest.getWSCommands_nullRecords_NPERaised(CommandControllerTest.java:208) [test-classes/:na]
	at sun.reflect.NativeMethodAccessorImpl.invoke0(Native Method) ~[na:1.7.0_40]
	at sun.reflect.NativeMethodAccessorImpl.invoke(NativeMethodAccessorImpl.java:57) ~[na:1.7.0_40]
	at sun.reflect.DelegatingMethodAccessorImpl.invoke(DelegatingMethodAccessorImpl.java:43) ~[na:1.7.0_40]
	at java.lang.reflect.Method.invoke(Method.java:606) ~[na:1.7.0_40]
	at org.junit.runners.model.FrameworkMethod$1.runReflectiveCall(FrameworkMethod.java:47) [junit-4.11.jar:na]
	at org.junit.internal.runners.model.ReflectiveCallable.run(ReflectiveCallable.java:12) [junit-4.11.jar:na]
	at org.junit.runners.model.FrameworkMethod.invokeExplosively(FrameworkMethod.java:44) [junit-4.11.jar:na]
	at org.junit.internal.runners.statements.InvokeMethod.evaluate(InvokeMethod.java:17) [junit-4.11.jar:na]
	at org.junit.internal.runners.statements.ExpectException.evaluate(ExpectException.java:19) [junit-4.11.jar:na]
	at org.junit.internal.runners.statements.FailOnTimeout$StatementThread.run(FailOnTimeout.java:74) [junit-4.11.jar:na]
[]2015-03-10T23:42:02,928Z DEBUG c.g.x.s.c.CommandController - total commands found: 2 
[]2015-03-10T23:42:03,107Z DEBUG c.g.x.s.c.CommandController - total commands found: 2 
[]2015-03-10T23:42:03,227Z DEBUG c.g.x.s.c.CommandController - total commands found: 0 
[]2015-03-10T23:42:03,623Z ERROR c.g.x.s.controller.TaskController - null 
java.lang.NullPointerException: null
	at com.gdn.x.scheduler.controller.TaskController.fetchTasks(TaskController.java:88) ~[classes/:na]
	at sun.reflect.NativeMethodAccessorImpl.invoke0(Native Method) ~[na:1.7.0_40]
	at sun.reflect.NativeMethodAccessorImpl.invoke(NativeMethodAccessorImpl.java:57) ~[na:1.7.0_40]
	at sun.reflect.DelegatingMethodAccessorImpl.invoke(DelegatingMethodAccessorImpl.java:43) ~[na:1.7.0_40]
	at java.lang.reflect.Method.invoke(Method.java:606) ~[na:1.7.0_40]
	at org.springframework.web.method.support.InvocableHandlerMethod.invoke(InvocableHandlerMethod.java:215) [spring-web-4.1.0.RELEASE.jar:4.1.0.RELEASE]
	at org.springframework.web.method.support.InvocableHandlerMethod.invokeForRequest(InvocableHandlerMethod.java:132) [spring-web-4.1.0.RELEASE.jar:4.1.0.RELEASE]
	at org.springframework.web.servlet.mvc.method.annotation.ServletInvocableHandlerMethod.invokeAndHandle(ServletInvocableHandlerMethod.java:104) [spring-webmvc-4.1.0.RELEASE.jar:4.1.0.RELEASE]
	at org.springframework.web.servlet.mvc.method.annotation.RequestMappingHandlerAdapter.invokeHandleMethod(RequestMappingHandlerAdapter.java:781) [spring-webmvc-4.1.0.RELEASE.jar:4.1.0.RELEASE]
	at org.springframework.web.servlet.mvc.method.annotation.RequestMappingHandlerAdapter.handleInternal(RequestMappingHandlerAdapter.java:721) [spring-webmvc-4.1.0.RELEASE.jar:4.1.0.RELEASE]
	at org.springframework.web.servlet.mvc.method.AbstractHandlerMethodAdapter.handle(AbstractHandlerMethodAdapter.java:83) [spring-webmvc-4.1.0.RELEASE.jar:4.1.0.RELEASE]
	at org.springframework.web.servlet.DispatcherServlet.doDispatch(DispatcherServlet.java:943) [spring-webmvc-4.1.0.RELEASE.jar:4.1.0.RELEASE]
	at org.springframework.web.servlet.DispatcherServlet.doService(DispatcherServlet.java:877) [spring-webmvc-4.1.0.RELEASE.jar:4.1.0.RELEASE]
	at org.springframework.web.servlet.FrameworkServlet.processRequest(FrameworkServlet.java:961) [spring-webmvc-4.1.0.RELEASE.jar:4.1.0.RELEASE]
	at org.springframework.web.servlet.FrameworkServlet.doGet(FrameworkServlet.java:852) [spring-webmvc-4.1.0.RELEASE.jar:4.1.0.RELEASE]
	at javax.servlet.http.HttpServlet.service(HttpServlet.java:687) [javax.servlet-api-3.1.0.jar:3.1.0]
	at org.springframework.web.servlet.FrameworkServlet.service(FrameworkServlet.java:837) [spring-webmvc-4.1.0.RELEASE.jar:4.1.0.RELEASE]
	at org.springframework.test.web.servlet.TestDispatcherServlet.service(TestDispatcherServlet.java:62) [spring-test-4.1.0.RELEASE.jar:4.1.0.RELEASE]
	at javax.servlet.http.HttpServlet.service(HttpServlet.java:790) [javax.servlet-api-3.1.0.jar:3.1.0]
	at org.springframework.mock.web.MockFilterChain$ServletFilterProxy.doFilter(MockFilterChain.java:170) [spring-test-4.1.0.RELEASE.jar:4.1.0.RELEASE]
	at org.springframework.mock.web.MockFilterChain.doFilter(MockFilterChain.java:137) [spring-test-4.1.0.RELEASE.jar:4.1.0.RELEASE]
	at org.springframework.test.web.servlet.MockMvc.perform(MockMvc.java:145) [spring-test-4.1.0.RELEASE.jar:4.1.0.RELEASE]
	at com.gdn.x.scheduler.controller.TaskControllerTest.fetchTasks_nullRecords_NPERaised(TaskControllerTest.java:117) [test-classes/:na]
	at sun.reflect.NativeMethodAccessorImpl.invoke0(Native Method) ~[na:1.7.0_40]
	at sun.reflect.NativeMethodAccessorImpl.invoke(NativeMethodAccessorImpl.java:57) ~[na:1.7.0_40]
	at sun.reflect.DelegatingMethodAccessorImpl.invoke(DelegatingMethodAccessorImpl.java:43) ~[na:1.7.0_40]
	at java.lang.reflect.Method.invoke(Method.java:606) ~[na:1.7.0_40]
	at org.junit.runners.model.FrameworkMethod$1.runReflectiveCall(FrameworkMethod.java:47) [junit-4.11.jar:na]
	at org.junit.internal.runners.model.ReflectiveCallable.run(ReflectiveCallable.java:12) [junit-4.11.jar:na]
	at org.junit.runners.model.FrameworkMethod.invokeExplosively(FrameworkMethod.java:44) [junit-4.11.jar:na]
	at org.junit.internal.runners.statements.InvokeMethod.evaluate(InvokeMethod.java:17) [junit-4.11.jar:na]
	at org.junit.internal.runners.statements.ExpectException.evaluate(ExpectException.java:19) [junit-4.11.jar:na]
	at org.junit.internal.runners.statements.FailOnTimeout$StatementThread.run(FailOnTimeout.java:74) [junit-4.11.jar:na]
[]2015-03-10T23:42:03,746Z DEBUG c.g.x.s.controller.TaskController - total tasks found: 0 
[]2015-03-10T23:43:04,663Z DEBUG c.g.x.s.s.i.impl.SchedulerBootstrap - total tasks fetched from db: 0 
